{
  "0 debug pnpm:scope": {
    "selected": 1
  },
  "1 error pnpm": {
    "errno": 1,
    "code": "ELIFECYCLE",
    "pkgid": "iroha2-docs@",
    "stage": "format:docs:fix",
    "script": "pnpm run format:docs --write",
    "pkgname": "iroha2-docs",
    "err": {
      "name": "pnpm",
      "message": "iroha2-docs@ format:docs:fix: `pnpm run format:docs --write`\nExit status 1",
      "code": "ELIFECYCLE",
      "stack": "pnpm: iroha2-docs@ format:docs:fix: `pnpm run format:docs --write`\nExit status 1\n    at EventEmitter.<anonymous> (/home/mekhnetsova/.nvm/versions/node/v16.15.0/lib/node_modules/pnpm/dist/pnpm.cjs:106904:20)\n    at EventEmitter.emit (node:events:527:28)\n    at ChildProcess.<anonymous> (/home/mekhnetsova/.nvm/versions/node/v16.15.0/lib/node_modules/pnpm/dist/pnpm.cjs:93473:18)\n    at ChildProcess.emit (node:events:527:28)\n    at maybeClose (node:internal/child_process:1092:16)\n    at Process.ChildProcess._handle.onexit (node:internal/child_process:302:5)"
    }
  },
  "2 warn pnpm:global": " Local package.json exists, but node_modules missing, did you mean to install?"
}